[INFO] Error stacktraces are turned on.
[INFO] Scanning for projects...
[WARNING] 
[WARNING] Some problems were encountered while building the effective model for com.sweet:ElasticSearchStudy:jar:1.0-SNAPSHOT
[WARNING] 'build.plugins.plugin.version' for org.apache.maven.plugins:maven-compiler-plugin is missing. @ line 115, column 12
[WARNING] 'build.plugins.plugin.version' for org.apache.maven.plugins:maven-shade-plugin is missing. @ line 119, column 12
[WARNING] 
[WARNING] It is highly recommended to fix these problems because they threaten the stability of your build.
[WARNING] 
[WARNING] For this reason, future Maven versions might no longer support building such malformed projects.
[WARNING] 
[INFO]                                                                         
[INFO] ------------------------------------------------------------------------
[INFO] Building sweet-ElasticSearchStudy 1.0-SNAPSHOT
[INFO] ------------------------------------------------------------------------
[INFO] 
[INFO] --- maven-clean-plugin:2.5:clean (default-clean) @ ElasticSearchStudy ---
[INFO] Deleting D:\资料\美囤妈妈\BI\study_git\ElasticSearchStudy\target
[INFO] 
[INFO] --- maven-resources-plugin:2.6:resources (default-resources) @ ElasticSearchStudy ---
[INFO] Using 'UTF-8' encoding to copy filtered resources.
[INFO] Copying 2 resources
[INFO] 
[INFO] --- maven-compiler-plugin:3.1:compile (default-compile) @ ElasticSearchStudy ---
[INFO] Changes detected - recompiling the module!
[INFO] Compiling 5 source files to D:\资料\美囤妈妈\BI\study_git\ElasticSearchStudy\target\classes
[INFO] 
[INFO] --- maven-resources-plugin:2.6:testResources (default-testResources) @ ElasticSearchStudy ---
[INFO] Not copying test resources
[INFO] 
[INFO] --- maven-compiler-plugin:3.1:testCompile (default-testCompile) @ ElasticSearchStudy ---
[INFO] Not compiling test sources
[INFO] 
[INFO] --- maven-surefire-plugin:2.12.4:test (default-test) @ ElasticSearchStudy ---
[INFO] Tests are skipped.
[INFO] 
[INFO] --- maven-jar-plugin:2.4:jar (default-jar) @ ElasticSearchStudy ---
[INFO] Building jar: D:\资料\美囤妈妈\BI\study_git\ElasticSearchStudy\target\ElasticSearchStudy-1.0-SNAPSHOT.jar
[INFO] 
[INFO] --- maven-shade-plugin:3.1.0:shade (default) @ ElasticSearchStudy ---
[INFO] Including org.slf4j:jcl-over-slf4j:jar:1.7.21 in the shaded jar.
[INFO] Including org.slf4j:slf4j-api:jar:1.7.21 in the shaded jar.
[INFO] Including org.slf4j:slf4j-log4j12:jar:1.7.21 in the shaded jar.
[INFO] Including log4j:log4j:jar:1.2.17 in the shaded jar.
[INFO] Including com.alibaba:fastjson:jar:1.2.12 in the shaded jar.
[INFO] Including commons-lang:commons-lang:jar:2.6 in the shaded jar.
[INFO] Including commons-collections:commons-collections:jar:3.2.1 in the shaded jar.
[INFO] Including org.elasticsearch:elasticsearch:jar:7.6.0 in the shaded jar.
[INFO] Including org.elasticsearch:elasticsearch-core:jar:7.6.0 in the shaded jar.
[INFO] Including org.elasticsearch:elasticsearch-secure-sm:jar:7.6.0 in the shaded jar.
[INFO] Including org.elasticsearch:elasticsearch-x-content:jar:7.6.0 in the shaded jar.
[INFO] Including org.yaml:snakeyaml:jar:1.17 in the shaded jar.
[INFO] Including com.fasterxml.jackson.core:jackson-core:jar:2.8.11 in the shaded jar.
[INFO] Including com.fasterxml.jackson.dataformat:jackson-dataformat-smile:jar:2.8.11 in the shaded jar.
[INFO] Including com.fasterxml.jackson.dataformat:jackson-dataformat-yaml:jar:2.8.11 in the shaded jar.
[INFO] Including com.fasterxml.jackson.dataformat:jackson-dataformat-cbor:jar:2.8.11 in the shaded jar.
[INFO] Including org.elasticsearch:elasticsearch-geo:jar:7.6.0 in the shaded jar.
[INFO] Including org.apache.lucene:lucene-core:jar:8.4.0 in the shaded jar.
[INFO] Including org.apache.lucene:lucene-analyzers-common:jar:8.4.0 in the shaded jar.
[INFO] Including org.apache.lucene:lucene-backward-codecs:jar:8.4.0 in the shaded jar.
[INFO] Including org.apache.lucene:lucene-grouping:jar:8.4.0 in the shaded jar.
[INFO] Including org.apache.lucene:lucene-highlighter:jar:8.4.0 in the shaded jar.
[INFO] Including org.apache.lucene:lucene-join:jar:8.4.0 in the shaded jar.
[INFO] Including org.apache.lucene:lucene-memory:jar:8.4.0 in the shaded jar.
[INFO] Including org.apache.lucene:lucene-misc:jar:8.4.0 in the shaded jar.
[INFO] Including org.apache.lucene:lucene-queries:jar:8.4.0 in the shaded jar.
[INFO] Including org.apache.lucene:lucene-queryparser:jar:8.4.0 in the shaded jar.
[INFO] Including org.apache.lucene:lucene-sandbox:jar:8.4.0 in the shaded jar.
[INFO] Including org.apache.lucene:lucene-spatial:jar:8.4.0 in the shaded jar.
[INFO] Including org.apache.lucene:lucene-spatial-extras:jar:8.4.0 in the shaded jar.
[INFO] Including org.apache.lucene:lucene-spatial3d:jar:8.4.0 in the shaded jar.
[INFO] Including org.apache.lucene:lucene-suggest:jar:8.4.0 in the shaded jar.
[INFO] Including org.elasticsearch:elasticsearch-cli:jar:7.6.0 in the shaded jar.
[INFO] Including net.sf.jopt-simple:jopt-simple:jar:5.0.2 in the shaded jar.
[INFO] Including com.carrotsearch:hppc:jar:0.8.1 in the shaded jar.
[INFO] Including joda-time:joda-time:jar:2.10.4 in the shaded jar.
[INFO] Including com.tdunning:t-digest:jar:3.2 in the shaded jar.
[INFO] Including org.hdrhistogram:HdrHistogram:jar:2.1.9 in the shaded jar.
[INFO] Including org.apache.logging.log4j:log4j-api:jar:2.11.1 in the shaded jar.
[INFO] Including org.elasticsearch:jna:jar:4.5.1 in the shaded jar.
[INFO] Including org.elasticsearch.client:elasticsearch-rest-high-level-client:jar:7.6.0 in the shaded jar.
[INFO] Including org.elasticsearch.client:elasticsearch-rest-client:jar:7.6.0 in the shaded jar.
[INFO] Including org.apache.httpcomponents:httpclient:jar:4.5.10 in the shaded jar.
[INFO] Including org.apache.httpcomponents:httpcore:jar:4.4.12 in the shaded jar.
[INFO] Including org.apache.httpcomponents:httpasyncclient:jar:4.1.4 in the shaded jar.
[INFO] Including org.apache.httpcomponents:httpcore-nio:jar:4.4.12 in the shaded jar.
[INFO] Including commons-codec:commons-codec:jar:1.11 in the shaded jar.
[INFO] Including commons-logging:commons-logging:jar:1.1.3 in the shaded jar.
[INFO] Including org.elasticsearch.plugin:mapper-extras-client:jar:7.6.0 in the shaded jar.
[INFO] Including org.elasticsearch.plugin:parent-join-client:jar:7.6.0 in the shaded jar.
[INFO] Including org.elasticsearch.plugin:aggs-matrix-stats-client:jar:7.6.0 in the shaded jar.
[INFO] Including org.elasticsearch.plugin:rank-eval-client:jar:7.6.0 in the shaded jar.
[INFO] Including org.elasticsearch.plugin:lang-mustache-client:jar:7.6.0 in the shaded jar.
[INFO] Including com.github.spullara.mustache.java:compiler:jar:0.9.6 in the shaded jar.
[WARNING] jcl-over-slf4j-1.7.21.jar, commons-logging-1.1.3.jar define 6 overlapping classes: 
[WARNING]   - org.apache.commons.logging.impl.SimpleLog$1
[WARNING]   - org.apache.commons.logging.Log
[WARNING]   - org.apache.commons.logging.impl.SimpleLog
[WARNING]   - org.apache.commons.logging.LogConfigurationException
[WARNING]   - org.apache.commons.logging.impl.NoOpLog
[WARNING]   - org.apache.commons.logging.LogFactory
[WARNING] maven-shade-plugin has detected that some class files are
[WARNING] present in two or more JARs. When this happens, only one
[WARNING] single version of the class is copied to the uber jar.
[WARNING] Usually this is not harmful and you can skip these warnings,
[WARNING] otherwise try to manually exclude artifacts based on
[WARNING] mvn dependency:tree -Ddetail=true and the above output.
[WARNING] See http://maven.apache.org/plugins/maven-shade-plugin/
[INFO] Replacing original artifact with shaded artifact.
[INFO] Replacing D:\资料\美囤妈妈\BI\study_git\ElasticSearchStudy\target\ElasticSearchStudy-1.0-SNAPSHOT.jar with D:\资料\美囤妈妈\BI\study_git\ElasticSearchStudy\target\ElasticSearchStudy-1.0-SNAPSHOT-shaded.jar
[INFO] Dependency-reduced POM written at: D:\资料\美囤妈妈\BI\study_git\ElasticSearchStudy\dependency-reduced-pom.xml
[INFO] ------------------------------------------------------------------------
[INFO] BUILD SUCCESS
[INFO] ------------------------------------------------------------------------
[INFO] Total time: 11.820 s
[INFO] Finished at: 2020-09-14T19:24:27+08:00
[INFO] Final Memory: 38M/424M
[INFO] ------------------------------------------------------------------------
[WARNING] The requested profile "babytree" could not be activated because it does not exist.
